<?xml version="1.0" encoding="UTF-8"?>
<testng-results ignored="0" total="1" passed="1" failed="0" skipped="0">
  <reporter-output>
  </reporter-output>
  <suite started-at="2025-04-18T08:55:55 IST" name="Default suite" finished-at="2025-04-18T08:55:59 IST" duration-ms="3781">
    <groups>
    </groups>
    <test started-at="2025-04-18T08:55:55 IST" name="Default test" finished-at="2025-04-18T08:55:59 IST" duration-ms="3781">
      <class name="OAUTH_decerilisation.CourseOAUTH">
        <test-method signature="getCourseDetails()[pri:0, instance:OAUTH_decerilisation.CourseOAUTH@418e7838]" started-at="2025-04-18T08:55:55 IST" name="getCourseDetails" finished-at="2025-04-18T08:55:59 IST" duration-ms="3745" status="PASS">
          <reporter-output>
          </reporter-output>
        </test-method> <!-- getCourseDetails -->
      </class> <!-- OAUTH_decerilisation.CourseOAUTH -->
    </test> <!-- Default test -->
  </suite> <!-- Default suite -->
</testng-results>
